[07 Abr 2019 21:43:41] Building database metadata model
[07 Abr 2019 21:43:41] Properties: {partialRefresh=false, processColumnsUsingSelect=, includePrimaryKeys=true, eventSocketClient=com.webratio.commons.net.EventSocketClient@30591e1b, includeTables=true, username=root, outputLogPath=/home/jonasv/4ºAno 2º Semestre/Engenharia Web/WebRatio_Community_Platform_7.2.18.Linux/WebRatio/workspace/BetESS/.Temp~/DB.xml.log, readIndexes=null, driverClass=com.mysql.jdbc.Driver, includeSynonyms=true, metaDataProviderClass=com.webratio.commons.db.metadata.MySQLMetaDataProvider, outputPath=/home/jonasv/4ºAno 2º Semestre/Engenharia Web/WebRatio_Community_Platform_7.2.18.Linux/WebRatio/workspace/BetESS/.Temp~/DB.xml, schemaRegex=null, readProcedures=null, includeViews=true, derby.system.home=/home/jonasv/4ºAno 2º Semestre/Engenharia Web/WebRatio_Community_Platform_7.2.18.Linux/WebRatio/workspace/.metadata/.plugins/com.webratio.commons.db/derby, url=jdbc:mysql://localhost:3306/betess, tableRegex=null, readSQLDefinitions=true, includeForeignKeys=false, retrieveAllNames=false, tablesToRefresh=, eventSocketPort=39703}
[07 Abr 2019 21:43:41] URL: jdbc:mysql://localhost:3306/betess
[07 Abr 2019 21:43:41] Product name: MySQL
[07 Abr 2019 21:43:41] Product version: 5.7.25-0ubuntu0.16.04.2
[07 Abr 2019 21:43:41] Driver name: MySQL Connector Java
[07 Abr 2019 21:43:41] Driver version: mysql-connector-java-5.1.31 ( Revision: alexander.soklakov@oracle.com-20140520065950-groqzzbvxprqdmnz )
[07 Abr 2019 21:43:41] Driver major version: 5
[07 Abr 2019 21:43:41] Driver minor version: 1
[07 Abr 2019 21:43:41] Identifier quote string: 1
[07 Abr 2019 21:43:41] Retrieving schemas
[07 Abr 2019 21:43:41] Retrieving [TABLE, VIEW, SYNONYM] for schema ''
[07 Abr 2019 21:43:41]   Found 'aposta_concreta' [type = TABLE]
[07 Abr 2019 21:43:41]   Found 'aposta_disponivel' [type = TABLE]
[07 Abr 2019 21:43:41]   Found 'competicao' [type = TABLE]
[07 Abr 2019 21:43:41]   Found 'datahora' [type = TABLE]
[07 Abr 2019 21:43:41]   Found 'desporto' [type = TABLE]
[07 Abr 2019 21:43:41]   Found 'desporto_regiao' [type = TABLE]
[07 Abr 2019 21:43:41]   Found 'equipa' [type = TABLE]
[07 Abr 2019 21:43:41]   Found 'equipa_competicao' [type = TABLE]
[07 Abr 2019 21:43:41]   Found 'equipa_fase' [type = TABLE]
[07 Abr 2019 21:43:41]   Found 'equipa_regiao' [type = TABLE]
[07 Abr 2019 21:43:41]   Found 'evento' [type = TABLE]
[07 Abr 2019 21:43:41]   Found 'evento_equipa' [type = TABLE]
[07 Abr 2019 21:43:41]   Found 'fase' [type = TABLE]
[07 Abr 2019 21:43:41]   Found 'group' [type = TABLE]
[07 Abr 2019 21:43:41]   Found 'group_module' [type = TABLE]
[07 Abr 2019 21:43:41]   Found 'module' [type = TABLE]
[07 Abr 2019 21:43:41]   Found 'notificacao' [type = TABLE]
[07 Abr 2019 21:43:41]   Found 'opcao' [type = TABLE]
[07 Abr 2019 21:43:41]   Found 'regiao' [type = TABLE]
[07 Abr 2019 21:43:41]   Found 'user' [type = TABLE]
[07 Abr 2019 21:43:41]   Found 'user_group' [type = TABLE]
[07 Abr 2019 21:43:41] Retrieving columns for 'aposta_concreta' [type = TABLE]
[07 Abr 2019 21:43:41]   Found column: id_aposta_concreta [type = INT][SQL/XOPEN type = 4][size = 10][dec. digits = 0]
[07 Abr 2019 21:43:41]   Found column: quantia [type = DOUBLE][SQL/XOPEN type = 8][size = 22][dec. digits = 0]
[07 Abr 2019 21:43:41]   Found column: odd_fixada [type = DOUBLE][SQL/XOPEN type = 8][size = 22][dec. digits = 0]
[07 Abr 2019 21:43:41]   Found column: resultado [type = INT][SQL/XOPEN type = 4][size = 10][dec. digits = 0]
[07 Abr 2019 21:43:41]   Found column: user_oid [type = INT][SQL/XOPEN type = 4][size = 10][dec. digits = 0]
[07 Abr 2019 21:43:41]   Found column: opcao_id_opcao [type = INT][SQL/XOPEN type = 4][size = 10][dec. digits = 0]
[07 Abr 2019 21:43:41]   Found column: aposta_disponivel_id_aposta_di [type = INT][SQL/XOPEN type = 4][size = 10][dec. digits = 0]
[07 Abr 2019 21:43:41] Retrieving primary keys for 'aposta_concreta' [type = TABLE]
[07 Abr 2019 21:43:41]   Found primary key column: id_aposta_concreta
[07 Abr 2019 21:43:41] Retrieving columns for 'aposta_disponivel' [type = TABLE]
[07 Abr 2019 21:43:41]   Found column: id_aposta_disponivel [type = INT][SQL/XOPEN type = 4][size = 10][dec. digits = 0]
[07 Abr 2019 21:43:41]   Found column: titulo [type = VARCHAR][SQL/XOPEN type = 12][size = 255][dec. digits = 0]
[07 Abr 2019 21:43:41]   Found column: resultado_final [type = INT][SQL/XOPEN type = 4][size = 10][dec. digits = 0]
[07 Abr 2019 21:43:41]   Found column: evento_id_evento [type = INT][SQL/XOPEN type = 4][size = 10][dec. digits = 0]
[07 Abr 2019 21:43:41] Retrieving primary keys for 'aposta_disponivel' [type = TABLE]
[07 Abr 2019 21:43:41]   Found primary key column: id_aposta_disponivel
[07 Abr 2019 21:43:41] Retrieving columns for 'competicao' [type = TABLE]
[07 Abr 2019 21:43:41]   Found column: id_competicao [type = INT][SQL/XOPEN type = 4][size = 10][dec. digits = 0]
[07 Abr 2019 21:43:41]   Found column: nome [type = VARCHAR][SQL/XOPEN type = 12][size = 255][dec. digits = 0]
[07 Abr 2019 21:43:41]   Found column: regiao_id_regiao [type = INT][SQL/XOPEN type = 4][size = 10][dec. digits = 0]
[07 Abr 2019 21:43:41] Retrieving primary keys for 'competicao' [type = TABLE]
[07 Abr 2019 21:43:41]   Found primary key column: id_competicao
[07 Abr 2019 21:43:41] Retrieving columns for 'datahora' [type = TABLE]
[07 Abr 2019 21:43:41]   Found column: id_datahora [type = INT][SQL/XOPEN type = 4][size = 10][dec. digits = 0]
[07 Abr 2019 21:43:41]   Found column: data [type = DATE][SQL/XOPEN type = 91][size = 10][dec. digits = 0]
[07 Abr 2019 21:43:41]   Found column: hora [type = TIME][SQL/XOPEN type = 92][size = 8][dec. digits = 0]
[07 Abr 2019 21:43:41] Retrieving primary keys for 'datahora' [type = TABLE]
[07 Abr 2019 21:43:41]   Found primary key column: id_datahora
[07 Abr 2019 21:43:41] Retrieving columns for 'desporto' [type = TABLE]
[07 Abr 2019 21:43:41]   Found column: id_desporto [type = INT][SQL/XOPEN type = 4][size = 10][dec. digits = 0]
[07 Abr 2019 21:43:41]   Found column: nome [type = VARCHAR][SQL/XOPEN type = 12][size = 255][dec. digits = 0]
[07 Abr 2019 21:43:41] Retrieving primary keys for 'desporto' [type = TABLE]
[07 Abr 2019 21:43:41]   Found primary key column: id_desporto
[07 Abr 2019 21:43:41] Retrieving columns for 'desporto_regiao' [type = TABLE]
[07 Abr 2019 21:43:41]   Found column: desporto_id_desporto [type = INT][SQL/XOPEN type = 4][size = 10][dec. digits = 0]
[07 Abr 2019 21:43:41]   Found column: regiao_id_regiao [type = INT][SQL/XOPEN type = 4][size = 10][dec. digits = 0]
[07 Abr 2019 21:43:41] Retrieving primary keys for 'desporto_regiao' [type = TABLE]
[07 Abr 2019 21:43:41]   Found primary key column: desporto_id_desporto
[07 Abr 2019 21:43:41]   Found primary key column: regiao_id_regiao
[07 Abr 2019 21:43:41] Retrieving columns for 'equipa' [type = TABLE]
[07 Abr 2019 21:43:41]   Found column: id_equipa [type = INT][SQL/XOPEN type = 4][size = 10][dec. digits = 0]
[07 Abr 2019 21:43:41]   Found column: nome [type = VARCHAR][SQL/XOPEN type = 12][size = 255][dec. digits = 0]
[07 Abr 2019 21:43:41] Retrieving primary keys for 'equipa' [type = TABLE]
[07 Abr 2019 21:43:41]   Found primary key column: id_equipa
[07 Abr 2019 21:43:41] Retrieving columns for 'equipa_competicao' [type = TABLE]
[07 Abr 2019 21:43:41]   Found column: equipa_id_equipa [type = INT][SQL/XOPEN type = 4][size = 10][dec. digits = 0]
[07 Abr 2019 21:43:41]   Found column: competicao_id_competicao [type = INT][SQL/XOPEN type = 4][size = 10][dec. digits = 0]
[07 Abr 2019 21:43:41] Retrieving primary keys for 'equipa_competicao' [type = TABLE]
[07 Abr 2019 21:43:41]   Found primary key column: equipa_id_equipa
[07 Abr 2019 21:43:41]   Found primary key column: competicao_id_competicao
[07 Abr 2019 21:43:41] Retrieving columns for 'equipa_fase' [type = TABLE]
[07 Abr 2019 21:43:41]   Found column: equipa_id_equipa [type = INT][SQL/XOPEN type = 4][size = 10][dec. digits = 0]
[07 Abr 2019 21:43:41]   Found column: fase_id_fase [type = INT][SQL/XOPEN type = 4][size = 10][dec. digits = 0]
[07 Abr 2019 21:43:41] Retrieving primary keys for 'equipa_fase' [type = TABLE]
[07 Abr 2019 21:43:41]   Found primary key column: equipa_id_equipa
[07 Abr 2019 21:43:41]   Found primary key column: fase_id_fase
[07 Abr 2019 21:43:41] Retrieving columns for 'equipa_regiao' [type = TABLE]
[07 Abr 2019 21:43:41]   Found column: equipa_id_equipa [type = INT][SQL/XOPEN type = 4][size = 10][dec. digits = 0]
[07 Abr 2019 21:43:41]   Found column: regiao_id_regiao [type = INT][SQL/XOPEN type = 4][size = 10][dec. digits = 0]
[07 Abr 2019 21:43:41] Retrieving primary keys for 'equipa_regiao' [type = TABLE]
[07 Abr 2019 21:43:41]   Found primary key column: equipa_id_equipa
[07 Abr 2019 21:43:41]   Found primary key column: regiao_id_regiao
[07 Abr 2019 21:43:41] Retrieving columns for 'evento' [type = TABLE]
[07 Abr 2019 21:43:41]   Found column: id_evento [type = INT][SQL/XOPEN type = 4][size = 10][dec. digits = 0]
[07 Abr 2019 21:43:41]   Found column: titulo [type = VARCHAR][SQL/XOPEN type = 12][size = 255][dec. digits = 0]
[07 Abr 2019 21:43:41]   Found column: disponibilidade [type = BIT][SQL/XOPEN type = -7][size = 1][dec. digits = 0]
[07 Abr 2019 21:43:41]   Found column: fase_id_fase [type = INT][SQL/XOPEN type = 4][size = 10][dec. digits = 0]
[07 Abr 2019 21:43:41]   Found column: datahora_datahora_id [type = INT][SQL/XOPEN type = 4][size = 10][dec. digits = 0]
[07 Abr 2019 21:43:41] Retrieving primary keys for 'evento' [type = TABLE]
[07 Abr 2019 21:43:41]   Found primary key column: id_evento
[07 Abr 2019 21:43:41] Retrieving columns for 'evento_equipa' [type = TABLE]
[07 Abr 2019 21:43:41]   Found column: evento_id_evento [type = INT][SQL/XOPEN type = 4][size = 10][dec. digits = 0]
[07 Abr 2019 21:43:41]   Found column: equipa_id_equipa [type = INT][SQL/XOPEN type = 4][size = 10][dec. digits = 0]
[07 Abr 2019 21:43:41] Retrieving primary keys for 'evento_equipa' [type = TABLE]
[07 Abr 2019 21:43:41]   Found primary key column: evento_id_evento
[07 Abr 2019 21:43:41]   Found primary key column: equipa_id_equipa
[07 Abr 2019 21:43:41] Retrieving columns for 'fase' [type = TABLE]
[07 Abr 2019 21:43:41]   Found column: id_fase [type = INT][SQL/XOPEN type = 4][size = 10][dec. digits = 0]
[07 Abr 2019 21:43:41]   Found column: nome [type = VARCHAR][SQL/XOPEN type = 12][size = 255][dec. digits = 0]
[07 Abr 2019 21:43:41]   Found column: competicao_id_competicao [type = INT][SQL/XOPEN type = 4][size = 10][dec. digits = 0]
[07 Abr 2019 21:43:41] Retrieving primary keys for 'fase' [type = TABLE]
[07 Abr 2019 21:43:41]   Found primary key column: id_fase
[07 Abr 2019 21:43:41] Retrieving columns for 'group' [type = TABLE]
[07 Abr 2019 21:43:41]   Found column: oid [type = INT][SQL/XOPEN type = 4][size = 10][dec. digits = 0]
[07 Abr 2019 21:43:41]   Found column: groupname [type = VARCHAR][SQL/XOPEN type = 12][size = 255][dec. digits = 0]
[07 Abr 2019 21:43:41]   Found column: module_oid [type = INT][SQL/XOPEN type = 4][size = 10][dec. digits = 0]
[07 Abr 2019 21:43:41] Retrieving primary keys for 'group' [type = TABLE]
[07 Abr 2019 21:43:41]   Found primary key column: oid
[07 Abr 2019 21:43:41] Retrieving columns for 'group_module' [type = TABLE]
[07 Abr 2019 21:43:41]   Found column: group_oid [type = INT][SQL/XOPEN type = 4][size = 10][dec. digits = 0]
[07 Abr 2019 21:43:41]   Found column: module_oid [type = INT][SQL/XOPEN type = 4][size = 10][dec. digits = 0]
[07 Abr 2019 21:43:41] Retrieving primary keys for 'group_module' [type = TABLE]
[07 Abr 2019 21:43:41]   Found primary key column: group_oid
[07 Abr 2019 21:43:41]   Found primary key column: module_oid
[07 Abr 2019 21:43:41] Retrieving columns for 'module' [type = TABLE]
[07 Abr 2019 21:43:41]   Found column: oid [type = INT][SQL/XOPEN type = 4][size = 10][dec. digits = 0]
[07 Abr 2019 21:43:41]   Found column: moduleid [type = VARCHAR][SQL/XOPEN type = 12][size = 255][dec. digits = 0]
[07 Abr 2019 21:43:41]   Found column: modulename [type = VARCHAR][SQL/XOPEN type = 12][size = 255][dec. digits = 0]
[07 Abr 2019 21:43:41] Retrieving primary keys for 'module' [type = TABLE]
[07 Abr 2019 21:43:41]   Found primary key column: oid
[07 Abr 2019 21:43:41] Retrieving columns for 'notificacao' [type = TABLE]
[07 Abr 2019 21:43:41]   Found column: id_notificacao [type = INT][SQL/XOPEN type = 4][size = 10][dec. digits = 0]
[07 Abr 2019 21:43:41]   Found column: notificacao [type = VARCHAR][SQL/XOPEN type = 12][size = 255][dec. digits = 0]
[07 Abr 2019 21:43:41]   Found column: user_oid [type = INT][SQL/XOPEN type = 4][size = 10][dec. digits = 0]
[07 Abr 2019 21:43:41] Retrieving primary keys for 'notificacao' [type = TABLE]
[07 Abr 2019 21:43:41]   Found primary key column: id_notificacao
[07 Abr 2019 21:43:41] Retrieving columns for 'opcao' [type = TABLE]
[07 Abr 2019 21:43:41]   Found column: id_opcao [type = INT][SQL/XOPEN type = 4][size = 10][dec. digits = 0]
[07 Abr 2019 21:43:41]   Found column: opcao [type = VARCHAR][SQL/XOPEN type = 12][size = 255][dec. digits = 0]
[07 Abr 2019 21:43:41]   Found column: odd [type = DOUBLE][SQL/XOPEN type = 8][size = 22][dec. digits = 0]
[07 Abr 2019 21:43:41]   Found column: aposta_disponivel_id_aposta_di [type = INT][SQL/XOPEN type = 4][size = 10][dec. digits = 0]
[07 Abr 2019 21:43:41] Retrieving primary keys for 'opcao' [type = TABLE]
[07 Abr 2019 21:43:41]   Found primary key column: id_opcao
[07 Abr 2019 21:43:41] Retrieving columns for 'regiao' [type = TABLE]
[07 Abr 2019 21:43:41]   Found column: id_regiao [type = INT][SQL/XOPEN type = 4][size = 10][dec. digits = 0]
[07 Abr 2019 21:43:41]   Found column: nome [type = VARCHAR][SQL/XOPEN type = 12][size = 255][dec. digits = 0]
[07 Abr 2019 21:43:41] Retrieving primary keys for 'regiao' [type = TABLE]
[07 Abr 2019 21:43:41]   Found primary key column: id_regiao
[07 Abr 2019 21:43:41] Retrieving columns for 'user' [type = TABLE]
[07 Abr 2019 21:43:41]   Found column: oid [type = INT][SQL/XOPEN type = 4][size = 10][dec. digits = 0]
[07 Abr 2019 21:43:41]   Found column: username [type = VARCHAR][SQL/XOPEN type = 12][size = 255][dec. digits = 0]
[07 Abr 2019 21:43:41]   Found column: password [type = VARCHAR][SQL/XOPEN type = 12][size = 255][dec. digits = 0]
[07 Abr 2019 21:43:41]   Found column: email [type = VARCHAR][SQL/XOPEN type = 12][size = 255][dec. digits = 0]
[07 Abr 2019 21:43:41]   Found column: saldo [type = DOUBLE][SQL/XOPEN type = 8][size = 22][dec. digits = 0]
[07 Abr 2019 21:43:41]   Found column: group_oid [type = INT][SQL/XOPEN type = 4][size = 10][dec. digits = 0]
[07 Abr 2019 21:43:41] Retrieving primary keys for 'user' [type = TABLE]
[07 Abr 2019 21:43:41]   Found primary key column: oid
[07 Abr 2019 21:43:41] Retrieving columns for 'user_group' [type = TABLE]
[07 Abr 2019 21:43:41]   Found column: user_oid [type = INT][SQL/XOPEN type = 4][size = 10][dec. digits = 0]
[07 Abr 2019 21:43:41]   Found column: group_oid [type = INT][SQL/XOPEN type = 4][size = 10][dec. digits = 0]
[07 Abr 2019 21:43:41] Retrieving primary keys for 'user_group' [type = TABLE]
[07 Abr 2019 21:43:41]   Found primary key column: user_oid
[07 Abr 2019 21:43:41]   Found primary key column: group_oid
[07 Abr 2019 21:43:41] Database metadata retrieved (180 ms)
[07 Abr 2019 21:43:41] Retrieving auto-increment columns for 'aposta_concreta' [type = TABLE]
[07 Abr 2019 21:43:41] Retrieving auto-increment columns for 'aposta_disponivel' [type = TABLE]
[07 Abr 2019 21:43:41] Retrieving auto-increment columns for 'competicao' [type = TABLE]
[07 Abr 2019 21:43:41] Retrieving auto-increment columns for 'datahora' [type = TABLE]
[07 Abr 2019 21:43:41] Retrieving auto-increment columns for 'desporto' [type = TABLE]
[07 Abr 2019 21:43:41] Retrieving auto-increment columns for 'desporto_regiao' [type = TABLE]
[07 Abr 2019 21:43:41] Retrieving auto-increment columns for 'equipa' [type = TABLE]
[07 Abr 2019 21:43:41] Retrieving auto-increment columns for 'equipa_competicao' [type = TABLE]
[07 Abr 2019 21:43:41] Retrieving auto-increment columns for 'equipa_fase' [type = TABLE]
[07 Abr 2019 21:43:41] Retrieving auto-increment columns for 'equipa_regiao' [type = TABLE]
[07 Abr 2019 21:43:41] Retrieving auto-increment columns for 'evento' [type = TABLE]
[07 Abr 2019 21:43:41] Retrieving auto-increment columns for 'evento_equipa' [type = TABLE]
[07 Abr 2019 21:43:41] Retrieving auto-increment columns for 'fase' [type = TABLE]
[07 Abr 2019 21:43:41] Retrieving auto-increment columns for 'group' [type = TABLE]
[07 Abr 2019 21:43:41] Retrieving auto-increment columns for 'group_module' [type = TABLE]
[07 Abr 2019 21:43:41] Retrieving auto-increment columns for 'module' [type = TABLE]
[07 Abr 2019 21:43:41] Retrieving auto-increment columns for 'notificacao' [type = TABLE]
[07 Abr 2019 21:43:41] Retrieving auto-increment columns for 'opcao' [type = TABLE]
[07 Abr 2019 21:43:41] Retrieving auto-increment columns for 'regiao' [type = TABLE]
[07 Abr 2019 21:43:41] Retrieving auto-increment columns for 'user' [type = TABLE]
[07 Abr 2019 21:43:41] Retrieving auto-increment columns for 'user_group' [type = TABLE]
[07 Abr 2019 21:43:42] Database connection closed
